This is pdfTeX, Version 3.14159265-2.6-1.40.16 (TeX Live 2015) (preloaded format=latex 2015.10.27)  29 MAR 2021 22:34
entering extended mode
 restricted \write18 enabled.
 %&-line parsing enabled.
**PhD.tex
(./PhD.tex
LaTeX2e <2015/01/01>
Babel <3.9l> and hyphenation patterns for 79 languages loaded.
(/usr/local/texlive/2015/texmf-dist/tex/latex/memoir/memoir.cls
Document Class: memoir 2015/04/23 v3.7d configurable book, report, article docu
ment class
\onelineskip=\skip41
\lxvchars=\skip42
\xlvchars=\skip43
\@memcnta=\count79
\c@@memmarkcntra=\count80
(/usr/local/texlive/2015/texmf-dist/tex/generic/oberdiek/ifpdf.sty
Package: ifpdf 2011/01/30 v2.3 Provides the ifpdf switch (HO)
Package ifpdf Info: pdfTeX in PDF mode is not detected.
)
(/usr/local/texlive/2015/texmf-dist/tex/latex/ifetex/ifetex.sty
Package: ifetex 2011/12/15 v1.2 ifetex

(/usr/local/texlive/2015/texmf-dist/tex/plain/ifetex/ifetex.tex))
(/usr/local/texlive/2015/texmf-dist/tex/generic/ifxetex/ifxetex.sty
Package: ifxetex 2010/09/12 v0.6 Provides ifxetex conditional
)
(/usr/local/texlive/2015/texmf-dist/tex/generic/oberdiek/ifluatex.sty
Package: ifluatex 2010/03/01 v1.3 Provides the ifluatex switch (HO)
Package ifluatex Info: LuaTeX not detected.
)
\stockheight=\skip44
\stockwidth=\skip45
\trimtop=\skip46
\trimedge=\skip47

(/usr/local/texlive/2015/texmf-dist/tex/latex/etex-pkg/etex.sty
Package: etex 2015/03/02 v2.1 eTeX basic definition package (PEB,DPC)
\et@xins=\count81
)
(/usr/local/texlive/2015/texmf-dist/tex/latex/memoir/mem11.clo
File: mem11.clo 2008/01/30 v0.3 memoir class 11pt size option
)
\binding=\skip48
\spinemargin=\skip49
\foremargin=\skip50
\uppermargin=\skip51
\lowermargin=\skip52
\headdrop=\skip53
\normalrulethickness=\skip54
\mem@maxheadheight=\skip55
\mem@maxfootheight=\skip56
\headwidth=\skip57
\c@storedpagenumber=\count82
\memPD=\dimen102
\m@mabparskip=\skip58
\thanksmarkwidth=\skip59
\thanksmarksep=\skip60
\droptitle=\skip61
\c@book=\count83
\c@part=\count84
\c@chapter=\count85
\c@section=\count86
\c@subsection=\count87
\c@subsubsection=\count88
\c@paragraph=\count89
\c@subparagraph=\count90
\beforechapskip=\skip62
\midchapskip=\skip63
\afterchapskip=\skip64
\chapindent=\skip65
\bottomsectionskip=\skip66
\secindent=\skip67
\beforesecskip=\skip68
\aftersecskip=\skip69
\subsecindent=\skip70
\beforesubsecskip=\skip71
\aftersubsecskip=\skip72
\subsubsecindent=\skip73
\beforesubsubsecskip=\skip74
\aftersubsubsecskip=\skip75
\paraindent=\skip76
\beforeparaskip=\skip77
\afterparaskip=\skip78
\subparaindent=\skip79
\beforesubparaskip=\skip80
\aftersubparaskip=\skip81
\pfbreakskip=\skip82
\c@@ppsavesec=\count91
\c@@ppsaveapp=\count92
\ragrparindent=\dimen103
\everylistparindent=\dimen104
\parsepi=\skip83
\topsepi=\skip84
\itemsepi=\skip85
\parsepii=\skip86
\topsepii=\skip87
\topsepiii=\skip88
\itemsepii=\skip89
\itemsepiii=\skip90
\partopsepii=\skip91
\partopsepiii=\skip92
\m@msavetopsep=\skip93
\m@msavepartopsep=\skip94
\@enLab=\toks14
\abstitleskip=\skip95
\absleftindent=\skip96
\abs@leftindent=\dimen105
\absrightindent=\skip97
\absparindent=\skip98
\absparsep=\skip99
\c@vslineno=\count93
\c@poemline=\count94
\c@modulo@vs=\count95
\c@memfvsline=\count96
\vleftskip=\skip100
\vrightskip=\skip101
\stanzaskip=\skip102
\versewidth=\skip103
\vgap=\skip104
\vindent=\skip105
\vleftmargin=\dimen106
\c@verse=\count97
\c@chrsinstr=\count98
\beforepoemtitleskip=\skip106
\afterpoemtitleskip=\skip107
\c@poem=\count99
\beforePoemTitleskip=\skip108
\midPoemTitleskip=\skip109
\afterPoemTitleskip=\skip110
\col@sep=\dimen107
\extrarowheight=\dimen108
\NC@list=\toks15
\extratabsurround=\skip111
\backup@length=\skip112
\TX@col@width=\dimen109
\TX@old@table=\dimen110
\TX@old@col=\dimen111
\TX@target=\dimen112
\TX@delta=\dimen113
\TX@cols=\count100
\TX@ftn=\toks16
\heavyrulewidth=\dimen114
\lightrulewidth=\dimen115
\cmidrulewidth=\dimen116
\belowrulesep=\dimen117
\belowbottomsep=\dimen118
\aboverulesep=\dimen119
\abovetopsep=\dimen120
\cmidrulesep=\dimen121
\cmidrulekern=\dimen122
\defaultaddspace=\dimen123
\@cmidla=\count101
\@cmidlb=\count102
\@aboverulesep=\dimen124
\@belowrulesep=\dimen125
\@thisruleclass=\count103
\@lastruleclass=\count104
\@thisrulewidth=\dimen126
\ctableftskip=\skip113
\ctabrightskip=\skip114
\abovecolumnspenalty=\count105
\@linestogo=\count106
\@cellstogo=\count107
\@cellsincolumn=\count108
\crtok=\toks17
\@mincolumnwidth=\dimen127
\c@newflo@tctr=\count109
\mem@margin@floatbox=\box26
\@contcwidth=\skip115
\@contindw=\skip116
\abovecaptionskip=\skip117
\belowcaptionskip=\skip118
\subfloattopskip=\skip119
\subfloatcapskip=\skip120
\subfloatcaptopadj=\skip121
\subfloatbottomskip=\skip122
\subfloatlabelskip=\skip123
\subfloatcapmargin=\dimen128
\c@@contsubnum=\count110
\m@mscap@capbox=\box27
\m@mscap@fbox=\box28
\sidecapsep=\dimen129
\sidecapwidth=\dimen130
\m@m@tempdima=\dimen131
\m@mscapraise=\dimen132
\sidecapraise=\dimen133
\m@mscapmainwidth=\dimen134
\m@mscaplkern=\dimen135
\beforeepigraphskip=\skip124
\afterepigraphskip=\skip125
\epigraphwidth=\skip126
\epigraphrule=\skip127
LaTeX Info: Redefining \em on input line 7533.
LaTeX Info: Redefining \emph on input line 7541.
\tocentryskip=\skip128
\tocbaseline=\skip129
\cftparskip=\skip130
\cftbeforebookskip=\skip131
\cftbookindent=\dimen136
\cftbooknumwidth=\dimen137
\cftbeforepartskip=\skip132
\cftpartindent=\skip133
\cftpartnumwidth=\skip134
\cftbeforechapterskip=\skip135
\cftchapterindent=\skip136
\cftchapternumwidth=\skip137
\cftbeforesectionskip=\skip138
\cftsectionindent=\skip139
\cftsectionnumwidth=\skip140
\cftbeforesubsectionskip=\skip141
\cftsubsectionindent=\skip142
\cftsubsectionnumwidth=\skip143
\cftbeforesubsubsectionskip=\skip144
\cftsubsubsectionindent=\skip145
\cftsubsubsectionnumwidth=\skip146
\cftbeforeparagraphskip=\skip147
\cftparagraphindent=\skip148
\cftparagraphnumwidth=\skip149
\cftbeforesubparagraphskip=\skip150
\cftsubparagraphindent=\skip151
\cftsubparagraphnumwidth=\skip152
\prechapterprecisshift=\dimen138
\c@maxsecnumdepth=\count111
\bibindent=\dimen139
\bibitemsep=\skip153
\indexcolsep=\skip154
\indexrule=\skip155
\indexmarkstyle=\toks18
\@indexbox=\insert233
\glossarycolsep=\dimen140
\glossaryrule=\dimen141
\sideparvshift=\skip156
\sideins=\insert232
\sidebartopsep=\skip157
\sidebarhsep=\skip158
\sidebarvsep=\skip159
\sidebarwidth=\skip160
\footmarkwidth=\skip161
\footmarksep=\skip162
\footparindent=\skip163
\footinsdim=\skip164
\footinsv@r=\insert231
\@mpfootinsv@r=\insert230
\m@m@k=\count112
\m@m@h=\dimen142
\m@mipn@skip=\skip165
\sidefootins=\insert229
\sidefootadjust=\skip166
\sidefootheight=\skip167
\sidefoothsep=\skip168
\sidefootvsep=\skip169
\sidefootwidth=\skip170
\m@mdownsf=\skip171
\c@sidefootnote=\count113
\sidefootmarkwidth=\skip172
\sidefootmarksep=\skip173
\sidefootparindent=\skip174
\c@pagenote=\count114
\c@pagenoteshadow=\count115
\mem@pn@lastkern=\skip175
\every@verbatim=\toks19
\afterevery@verbatim=\toks20
\verbatim@line=\toks21
\tab@position=\count116
\verbatim@in@stream=\read1
\verbatimindent=\skip176
\verbatim@out=\write3
\bvboxsep=\skip177
\c@memfbvline=\count117
\c@bvlinectr=\count118
\bvnumlength=\skip178
\fb@frw=\dimen143
\fb@frh=\dimen144
\FrameRule=\dimen145
\FrameSep=\dimen146
\c@cp@cntr=\count119
LaTeX Info: Redefining \: on input line 12050.
LaTeX Info: Redefining \! on input line 12052.
\c@ism@mctr=\count120
\c@xsm@mctr=\count121
\c@csm@mctr=\count122
\c@ksm@mctr=\count123
\c@xksm@mctr=\count124
\c@cksm@mctr=\count125
\c@msm@mctr=\count126
\c@xmsm@mctr=\count127
\c@cmsm@mctr=\count128
\c@bsm@mctr=\count129
\c@workm@mctr=\count130
\c@sheetsequence=\count131
\c@lastsheet=\count132
\c@lastpage=\count133
\c@figure=\count134
\c@lofdepth=\count135
\cftbeforefigureskip=\skip179
\cftfigureindent=\skip180
\cftfigurenumwidth=\skip181
\c@table=\count136
\c@lotdepth=\count137
\cftbeforetableskip=\skip182
\cfttableindent=\skip183
\cfttablenumwidth=\skip184
Package abstract [2008/07/23] emulated by memoir.
Package appendix [2008/07/23] emulated by memoir.
Package array [2008/09/09] emulated by memoir.
Package booktabs [2008/07/23] emulated by memoir.
Package ccaption [2008/07/23] emulated by memoir.
Package changepage [2008/07/23] emulated by memoir.
Package chngcntr [2008/07/23] emulated by memoir.
Package chngpage [2008/07/23] emulated by memoir.
Package crop emulated by memoir.
Package dcolumn [2008/07/23] emulated by memoir.
Package delarray [2008/07/23] emulated by memoir.
Package enumerate [2008/07/23] emulated by memoir.
Package epigraph [2008/07/23] emulated by memoir.
Package ifmtarg [2008/07/23] emulated by memoir.
Package index [2008/07/23] emulated by memoir.
Package makeidx [2008/07/23] emulated by memoir.
Package moreverb [2008/07/23] emulated by memoir.
Package mparhack [2008/07/23] emulated by memoir.
Package needspace [2008/07/23] emulated by memoir.
Package newfile [2008/07/23] emulated by memoir.
Package nextpage [2008/07/23] emulated by memoir.
Package pagenote [2008/07/23] emulated by memoir.
Package parskip [2008/07/23] emulated by memoir.
Package patchcmd [2008/07/23] emulated by memoir.
Package setspace [2008/07/23] emulated by memoir.
Package shortvrb [2008/07/23] emulated by memoir.
Package showidx [2008/07/23] emulated by memoir.
Package tabularx [2008/07/23] emulated by memoir.
Package titleref [2008/07/23] emulated by memoir.
Package titling [2008/07/23] emulated by memoir.
Package tocbibind [2008/07/23] emulated by memoir.
Package tocloft [2008/07/23] emulated by memoir.
Package tocvsec2 [2008/07/23] emulated by memoir.
Package verbatim [2008/07/23] emulated by memoir.
Package verse [2008/07/23] emulated by memoir.

(/usr/local/texlive/2015/texmf-dist/tex/latex/memoir/mempatch.sty
Package: mempatch 2009/07/24 v6.0f Patches for memoir class v1.6180339
))
(./style.tex
(/usr/local/texlive/2015/texmf-dist/tex/latex/graphics/graphicx.sty
Package: graphicx 2014/10/28 v1.0g Enhanced LaTeX Graphics (DPC,SPQR)

(/usr/local/texlive/2015/texmf-dist/tex/latex/graphics/keyval.sty
Package: keyval 2014/10/28 v1.15 key=value parser (DPC)
\KV@toks@=\toks22
)
(/usr/local/texlive/2015/texmf-dist/tex/latex/graphics/graphics.sty
Package: graphics 2014/10/28 v1.0p Standard LaTeX Graphics (DPC,SPQR)

(/usr/local/texlive/2015/texmf-dist/tex/latex/graphics/trig.sty
Package: trig 1999/03/16 v1.09 sin cos tan (DPC)
)
(/usr/local/texlive/2015/texmf-dist/tex/latex/latexconfig/graphics.cfg
File: graphics.cfg 2010/04/23 v1.9 graphics configuration of TeX Live
)
Package graphics Info: Driver file: dvips.def on input line 94.

(/usr/local/texlive/2015/texmf-dist/tex/latex/graphics/dvips.def
File: dvips.def 2014/10/14 v3.0j Driver-dependent file (DPC,SPQR)
))
\Gin@req@height=\dimen147
\Gin@req@width=\dimen148
)
(/usr/local/texlive/2015/texmf-dist/tex/latex/graphics/epsfig.sty
Package: epsfig 1999/02/16 v1.7a (e)psfig emulation (SPQR)
\epsfxsize=\dimen149
\epsfysize=\dimen150
)
(/usr/local/texlive/2015/texmf-dist/tex/latex/amsmath/amsmath.sty
Package: amsmath 2013/01/14 v2.14 AMS math features
\@mathmargin=\skip185

For additional information on amsmath, use the `?' option.
(/usr/local/texlive/2015/texmf-dist/tex/latex/amsmath/amstext.sty
Package: amstext 2000/06/29 v2.01

(/usr/local/texlive/2015/texmf-dist/tex/latex/amsmath/amsgen.sty
File: amsgen.sty 1999/11/30 v2.0
\@emptytoks=\toks23
\ex@=\dimen151
))
(/usr/local/texlive/2015/texmf-dist/tex/latex/amsmath/amsbsy.sty
Package: amsbsy 1999/11/29 v1.2d
\pmbraise@=\dimen152
)
(/usr/local/texlive/2015/texmf-dist/tex/latex/amsmath/amsopn.sty
Package: amsopn 1999/12/14 v2.01 operator names
)
\inf@bad=\count138
LaTeX Info: Redefining \frac on input line 210.
\uproot@=\count139
\leftroot@=\count140
LaTeX Info: Redefining \overline on input line 306.
\classnum@=\count141
\DOTSCASE@=\count142
LaTeX Info: Redefining \ldots on input line 378.
LaTeX Info: Redefining \dots on input line 381.
LaTeX Info: Redefining \cdots on input line 466.
\Mathstrutbox@=\box29
\strutbox@=\box30
\big@size=\dimen153
LaTeX Font Info:    Redeclaring font encoding OML on input line 566.
LaTeX Font Info:    Redeclaring font encoding OMS on input line 567.
\macc@depth=\count143
\c@MaxMatrixCols=\count144
\dotsspace@=\muskip10
\c@parentequation=\count145
\dspbrk@lvl=\count146
\tag@help=\toks24
\row@=\count147
\column@=\count148
\maxfields@=\count149
\andhelp@=\toks25
\eqnshift@=\dimen154
\alignsep@=\dimen155
\tagshift@=\dimen156
\tagwidth@=\dimen157
\totwidth@=\dimen158
\lineht@=\dimen159
\@envbody=\toks26
\multlinegap=\skip186
\multlinetaggap=\skip187
\mathdisplay@stack=\toks27
LaTeX Info: Redefining \[ on input line 2665.
LaTeX Info: Redefining \] on input line 2666.
)
(/usr/local/texlive/2015/texmf-dist/tex/latex/amsfonts/amssymb.sty
Package: amssymb 2013/01/14 v3.01 AMS font symbols

(/usr/local/texlive/2015/texmf-dist/tex/latex/amsfonts/amsfonts.sty
Package: amsfonts 2013/01/14 v3.01 Basic AMSFonts support
\symAMSa=\mathgroup4
\symAMSb=\mathgroup5
LaTeX Font Info:    Overwriting math alphabet `\mathfrak' in version `bold'
(Font)                  U/euf/m/n --> U/euf/b/n on input line 106.
))
(/usr/local/texlive/2015/texmf-dist/tex/latex/amscls/amsthm.sty
Package: amsthm 2015/03/04 v2.20.2
\thm@style=\toks28
\thm@bodyfont=\toks29
\thm@headfont=\toks30
\thm@notefont=\toks31
\thm@headpunct=\toks32
\thm@preskip=\skip188
\thm@postskip=\skip189
\thm@headsep=\skip190
\dth@everypar=\toks33
)
(/usr/local/texlive/2015/texmf-dist/tex/latex/thmtools/thmtools.sty
Package: thmtools 2014/04/21 v66
\thmt@toks=\toks34
\c@thmt@dummyctr=\count150

(/usr/local/texlive/2015/texmf-dist/tex/latex/thmtools/thm-patch.sty
Package: thm-patch 2014/04/21 v66

(/usr/local/texlive/2015/texmf-dist/tex/latex/thmtools/parseargs.sty
Package: parseargs 2014/04/21 v66
\@parsespec=\toks35
))
(/usr/local/texlive/2015/texmf-dist/tex/latex/thmtools/thm-kv.sty
Package: thm-kv 2014/04/21 v66
Package thm-kv Info: Theorem names will be uppercased on input line 40.

(/usr/local/texlive/2015/texmf-dist/tex/generic/oberdiek/kvsetkeys.sty
Package: kvsetkeys 2012/04/25 v1.16 Key value parser (HO)

(/usr/local/texlive/2015/texmf-dist/tex/generic/oberdiek/infwarerr.sty
Package: infwarerr 2010/04/08 v1.3 Providing info/warning/error messages (HO)
)
(/usr/local/texlive/2015/texmf-dist/tex/generic/oberdiek/etexcmds.sty
Package: etexcmds 2011/02/16 v1.5 Avoid name clashes with e-TeX commands (HO)
Package etexcmds Info: Could not find \expanded.
(etexcmds)             That can mean that you are not using pdfTeX 1.50 or
(etexcmds)             that some package has redefined \expanded.
(etexcmds)             In the latter case, load this package earlier.
))
Package thm-kv Info: kvsetkeys patch (v1.16 or later) on input line 156.
)
(/usr/local/texlive/2015/texmf-dist/tex/latex/thmtools/thm-autoref.sty
Package: thm-autoref 2014/04/21 v66

(/usr/local/texlive/2015/texmf-dist/tex/latex/thmtools/aliasctr.sty
Package: aliasctr 2014/04/21 v66

(/usr/local/texlive/2015/texmf-dist/tex/latex/carlisle/remreset.sty)))
(/usr/local/texlive/2015/texmf-dist/tex/latex/thmtools/thm-listof.sty
Package: thm-listof 2014/04/21 v66
)
(/usr/local/texlive/2015/texmf-dist/tex/latex/thmtools/thm-restate.sty
Package: thm-restate 2014/04/21 v66
)
(/usr/local/texlive/2015/texmf-dist/tex/latex/thmtools/thm-amsthm.sty
Package: thm-amsthm 2014/04/21 v66
\thmt@style@headstyle=\toks36
))
(/usr/local/texlive/2015/texmf-dist/tex/latex/url/url.sty
\Urlmuskip=\muskip11
Package: url 2013/09/16  ver 3.4  Verb mode for urls, etc.
)
(/usr/local/texlive/2015/texmf-dist/tex/latex/tools/longtable.sty
Package: longtable 2014/10/28 v4.11 Multi-page Table package (DPC)
\LTleft=\skip191
\LTright=\skip192
\LTpre=\skip193
\LTpost=\skip194
\LTchunksize=\count151
\LTcapwidth=\dimen160
\LT@head=\box31
\LT@firsthead=\box32
\LT@foot=\box33
\LT@lastfoot=\box34
\LT@cols=\count152
\LT@rows=\count153
\c@LT@tables=\count154
\c@LT@chunks=\count155
\LT@p@ftn=\toks37
)
(/usr/local/texlive/2015/texmf-dist/tex/latex/rotating/rotating.sty
Package: rotating 2009/03/28 v2.16a rotated objects in LaTeX

(/usr/local/texlive/2015/texmf-dist/tex/latex/base/ifthen.sty
Package: ifthen 2014/09/29 v1.1c Standard LaTeX ifthen package (DPC)
)
\c@r@tfl@t=\count156
\rotFPtop=\skip195
\rotFPbot=\skip196
\rot@float@box=\box35
\rot@mess@toks=\toks38
)
(/usr/local/texlive/2015/texmf-dist/tex/latex/base/inputenc.sty
Package: inputenc 2015/03/17 v1.2c Input encoding file
\inpenc@prehook=\toks39
\inpenc@posthook=\toks40

(/usr/local/texlive/2015/texmf-dist/tex/latex/base/utf8.def
File: utf8.def 2014/09/29 v1.1m UTF-8 support for inputenc
Now handling font encoding OML ...
... no UTF-8 mapping file for font encoding OML
Now handling font encoding T1 ...
... processing UTF-8 mapping file for font encoding T1

(/usr/local/texlive/2015/texmf-dist/tex/latex/base/t1enc.dfu
File: t1enc.dfu 2014/09/29 v1.1m UTF-8 support for inputenc
   defining Unicode char U+00A1 (decimal 161)
   defining Unicode char U+00A3 (decimal 163)
   defining Unicode char U+00AB (decimal 171)
   defining Unicode char U+00BB (decimal 187)
   defining Unicode char U+00BF (decimal 191)
   defining Unicode char U+00C0 (decimal 192)
   defining Unicode char U+00C1 (decimal 193)
   defining Unicode char U+00C2 (decimal 194)
   defining Unicode char U+00C3 (decimal 195)
   defining Unicode char U+00C4 (decimal 196)
   defining Unicode char U+00C5 (decimal 197)
   defining Unicode char U+00C6 (decimal 198)
   defining Unicode char U+00C7 (decimal 199)
   defining Unicode char U+00C8 (decimal 200)
   defining Unicode char U+00C9 (decimal 201)
   defining Unicode char U+00CA (decimal 202)
   defining Unicode char U+00CB (decimal 203)
   defining Unicode char U+00CC (decimal 204)
   defining Unicode char U+00CD (decimal 205)
   defining Unicode char U+00CE (decimal 206)
   defining Unicode char U+00CF (decimal 207)
   defining Unicode char U+00D0 (decimal 208)
   defining Unicode char U+00D1 (decimal 209)
   defining Unicode char U+00D2 (decimal 210)
   defining Unicode char U+00D3 (decimal 211)
   defining Unicode char U+00D4 (decimal 212)
   defining Unicode char U+00D5 (decimal 213)
   defining Unicode char U+00D6 (decimal 214)
   defining Unicode char U+00D8 (decimal 216)
   defining Unicode char U+00D9 (decimal 217)
   defining Unicode char U+00DA (decimal 218)
   defining Unicode char U+00DB (decimal 219)
   defining Unicode char U+00DC (decimal 220)
   defining Unicode char U+00DD (decimal 221)
   defining Unicode char U+00DE (decimal 222)
   defining Unicode char U+00DF (decimal 223)
   defining Unicode char U+00E0 (decimal 224)
   defining Unicode char U+00E1 (decimal 225)
   defining Unicode char U+00E2 (decimal 226)
   defining Unicode char U+00E3 (decimal 227)
   defining Unicode char U+00E4 (decimal 228)
   defining Unicode char U+00E5 (decimal 229)
   defining Unicode char U+00E6 (decimal 230)
   defining Unicode char U+00E7 (decimal 231)
   defining Unicode char U+00E8 (decimal 232)
   defining Unicode char U+00E9 (decimal 233)
   defining Unicode char U+00EA (decimal 234)
   defining Unicode char U+00EB (decimal 235)
   defining Unicode char U+00EC (decimal 236)
   defining Unicode char U+00ED (decimal 237)
   defining Unicode char U+00EE (decimal 238)
   defining Unicode char U+00EF (decimal 239)
   defining Unicode char U+00F0 (decimal 240)
   defining Unicode char U+00F1 (decimal 241)
   defining Unicode char U+00F2 (decimal 242)
   defining Unicode char U+00F3 (decimal 243)
   defining Unicode char U+00F4 (decimal 244)
   defining Unicode char U+00F5 (decimal 245)
   defining Unicode char U+00F6 (decimal 246)
   defining Unicode char U+00F8 (decimal 248)
   defining Unicode char U+00F9 (decimal 249)
   defining Unicode char U+00FA (decimal 250)
   defining Unicode char U+00FB (decimal 251)
   defining Unicode char U+00FC (decimal 252)
   defining Unicode char U+00FD (decimal 253)
   defining Unicode char U+00FE (decimal 254)
   defining Unicode char U+00FF (decimal 255)
   defining Unicode char U+0102 (decimal 258)
   defining Unicode char U+0103 (decimal 259)
   defining Unicode char U+0104 (decimal 260)
   defining Unicode char U+0105 (decimal 261)
   defining Unicode char U+0106 (decimal 262)
   defining Unicode char U+0107 (decimal 263)
   defining Unicode char U+010C (decimal 268)
   defining Unicode char U+010D (decimal 269)
   defining Unicode char U+010E (decimal 270)
   defining Unicode char U+010F (decimal 271)
   defining Unicode char U+0110 (decimal 272)
   defining Unicode char U+0111 (decimal 273)
   defining Unicode char U+0118 (decimal 280)
   defining Unicode char U+0119 (decimal 281)
   defining Unicode char U+011A (decimal 282)
   defining Unicode char U+011B (decimal 283)
   defining Unicode char U+011E (decimal 286)
   defining Unicode char U+011F (decimal 287)
   defining Unicode char U+0130 (decimal 304)
   defining Unicode char U+0131 (decimal 305)
   defining Unicode char U+0132 (decimal 306)
   defining Unicode char U+0133 (decimal 307)
   defining Unicode char U+0139 (decimal 313)
   defining Unicode char U+013A (decimal 314)
   defining Unicode char U+013D (decimal 317)
   defining Unicode char U+013E (decimal 318)
   defining Unicode char U+0141 (decimal 321)
   defining Unicode char U+0142 (decimal 322)
   defining Unicode char U+0143 (decimal 323)
   defining Unicode char U+0144 (decimal 324)
   defining Unicode char U+0147 (decimal 327)
   defining Unicode char U+0148 (decimal 328)
   defining Unicode char U+014A (decimal 330)
   defining Unicode char U+014B (decimal 331)
   defining Unicode char U+0150 (decimal 336)
   defining Unicode char U+0151 (decimal 337)
   defining Unicode char U+0152 (decimal 338)
   defining Unicode char U+0153 (decimal 339)
   defining Unicode char U+0154 (decimal 340)
   defining Unicode char U+0155 (decimal 341)
   defining Unicode char U+0158 (decimal 344)
   defining Unicode char U+0159 (decimal 345)
   defining Unicode char U+015A (decimal 346)
   defining Unicode char U+015B (decimal 347)
   defining Unicode char U+015E (decimal 350)
   defining Unicode char U+015F (decimal 351)
   defining Unicode char U+0160 (decimal 352)
   defining Unicode char U+0161 (decimal 353)
   defining Unicode char U+0162 (decimal 354)
   defining Unicode char U+0163 (decimal 355)
   defining Unicode char U+0164 (decimal 356)
   defining Unicode char U+0165 (decimal 357)
   defining Unicode char U+016E (decimal 366)
   defining Unicode char U+016F (decimal 367)
   defining Unicode char U+0170 (decimal 368)
   defining Unicode char U+0171 (decimal 369)
   defining Unicode char U+0178 (decimal 376)
   defining Unicode char U+0179 (decimal 377)
   defining Unicode char U+017A (decimal 378)
   defining Unicode char U+017B (decimal 379)
   defining Unicode char U+017C (decimal 380)
   defining Unicode char U+017D (decimal 381)
   defining Unicode char U+017E (decimal 382)
   defining Unicode char U+200C (decimal 8204)
   defining Unicode char U+2013 (decimal 8211)
   defining Unicode char U+2014 (decimal 8212)
   defining Unicode char U+2018 (decimal 8216)
   defining Unicode char U+2019 (decimal 8217)
   defining Unicode char U+201A (decimal 8218)
   defining Unicode char U+201C (decimal 8220)
   defining Unicode char U+201D (decimal 8221)
   defining Unicode char U+201E (decimal 8222)
   defining Unicode char U+2030 (decimal 8240)
   defining Unicode char U+2031 (decimal 8241)
   defining Unicode char U+2039 (decimal 8249)
   defining Unicode char U+203A (decimal 8250)
   defining Unicode char U+2423 (decimal 9251)
)
Now handling font encoding OT1 ...
... processing UTF-8 mapping file for font encoding OT1

(/usr/local/texlive/2015/texmf-dist/tex/latex/base/ot1enc.dfu
File: ot1enc.dfu 2014/09/29 v1.1m UTF-8 support for inputenc
   defining Unicode char U+00A1 (decimal 161)
   defining Unicode char U+00A3 (decimal 163)
   defining Unicode char U+00B8 (decimal 184)
   defining Unicode char U+00BF (decimal 191)
   defining Unicode char U+00C5 (decimal 197)
   defining Unicode char U+00C6 (decimal 198)
   defining Unicode char U+00D8 (decimal 216)
   defining Unicode char U+00DF (decimal 223)
   defining Unicode char U+00E6 (decimal 230)
   defining Unicode char U+00EC (decimal 236)
   defining Unicode char U+00ED (decimal 237)
   defining Unicode char U+00EE (decimal 238)
   defining Unicode char U+00EF (decimal 239)
   defining Unicode char U+00F8 (decimal 248)
   defining Unicode char U+0131 (decimal 305)
   defining Unicode char U+0141 (decimal 321)
   defining Unicode char U+0142 (decimal 322)
   defining Unicode char U+0152 (decimal 338)
   defining Unicode char U+0153 (decimal 339)
   defining Unicode char U+2013 (decimal 8211)
   defining Unicode char U+2014 (decimal 8212)
   defining Unicode char U+2018 (decimal 8216)
   defining Unicode char U+2019 (decimal 8217)
   defining Unicode char U+201C (decimal 8220)
   defining Unicode char U+201D (decimal 8221)
)
Now handling font encoding OMS ...
... processing UTF-8 mapping file for font encoding OMS

(/usr/local/texlive/2015/texmf-dist/tex/latex/base/omsenc.dfu
File: omsenc.dfu 2014/09/29 v1.1m UTF-8 support for inputenc
   defining Unicode char U+00A7 (decimal 167)
   defining Unicode char U+00B6 (decimal 182)
   defining Unicode char U+00B7 (decimal 183)
   defining Unicode char U+2020 (decimal 8224)
   defining Unicode char U+2021 (decimal 8225)
   defining Unicode char U+2022 (decimal 8226)
)
Now handling font encoding OMX ...
... no UTF-8 mapping file for font encoding OMX
Now handling font encoding U ...
... no UTF-8 mapping file for font encoding U
   defining Unicode char U+00A9 (decimal 169)
   defining Unicode char U+00AA (decimal 170)
   defining Unicode char U+00AE (decimal 174)
   defining Unicode char U+00BA (decimal 186)
   defining Unicode char U+02C6 (decimal 710)
   defining Unicode char U+02DC (decimal 732)
   defining Unicode char U+200C (decimal 8204)
   defining Unicode char U+2026 (decimal 8230)
   defining Unicode char U+2122 (decimal 8482)
   defining Unicode char U+2423 (decimal 9251)
))
(/usr/local/texlive/2015/texmf-dist/tex/latex/esint/esint.sty
Package: esint 
\symlargesymbolsA=\mathgroup6
)
(/usr/local/texlive/2015/texmf-dist/tex/latex/algorithms/algorithm.sty
Package: algorithm 2009/08/24 v0.1 Document Style `algorithm' - floating enviro
nment

(/usr/local/texlive/2015/texmf-dist/tex/latex/float/float.sty
Package: float 2001/11/08 v1.3d Float enhancements (AL)
\c@float@type=\count157
\float@exts=\toks41
\float@box=\box36
\@float@everytoks=\toks42
\@floatcapt=\box37
)
\@float@every@algorithm=\toks43
\c@algorithm=\count158
)
(/usr/local/texlive/2015/texmf-dist/tex/latex/algorithms/algorithmic.sty
Package: algorithmic 2009/08/24 v0.1 Document Style `algorithmic'
\c@ALC@unique=\count159
\c@ALC@line=\count160
\c@ALC@rem=\count161
\c@ALC@depth=\count162
\ALC@tlm=\skip197
\algorithmicindent=\skip198
)
(/usr/local/texlive/2015/texmf-dist/tex/latex/subfigure/subfigure.sty
Package: subfigure 2002/03/15 v2.1.5 subfigure package
\subfigtopskip=\skip199
\subfigcapskip=\skip200
\subfigcaptopadj=\dimen161
\subfigbottomskip=\skip201
\subfigcapmargin=\dimen162
\subfiglabelskip=\skip202
\c@subfigure=\count163
\c@lofdepth=\count164
\c@subtable=\count165
\c@lotdepth=\count166

****************************************
* Local config file subfigure.cfg used *
****************************************
(/usr/local/texlive/2015/texmf-dist/tex/latex/subfigure/subfigure.cfg)
\subfig@top=\skip203
\subfig@bottom=\skip204
)
(/usr/local/texlive/2015/texmf-dist/tex/latex/jknapltx/mathrsfs.sty
Package: mathrsfs 1996/01/01 Math RSFS package v1.0 (jk)
\symrsfs=\mathgroup7
)
(/usr/local/texlive/2015/texmf-dist/tex/latex/tools/bm.sty
Package: bm 2014/10/28 v1.1c Bold Symbol Support (DPC/FMi)
\symboldoperators=\mathgroup8
\symboldletters=\mathgroup9
\symboldsymbols=\mathgroup10
LaTeX Font Info:    Redeclaring math alphabet \mathbf on input line 141.
LaTeX Info: Redefining \bm on input line 207.
)
(/usr/local/texlive/2015/texmf-dist/tex/latex/graphics/color.sty
Package: color 2014/10/28 v1.1a Standard LaTeX Color (DPC)

(/usr/local/texlive/2015/texmf-dist/tex/latex/latexconfig/color.cfg
File: color.cfg 2007/01/18 v1.5 color configuration of teTeX/TeXLive
)
Package color Info: Driver file: dvips.def on input line 142.

(/usr/local/texlive/2015/texmf-dist/tex/latex/graphics/dvipsnam.def
File: dvipsnam.def 2014/10/14 v3.0j Driver-dependent file (DPC,SPQR)
))
(./citeref.sty
Package: citeref 1999/27/05

Package citeref v1.1 <1999/27/05> (Bjoern Briel)
) (/usr/local/texlive/2015/texmf-dist/tex/latex/memoir/memhfixc.sty
Package: memhfixc 2013/05/30 v1.17 nameref/hyperref package fixes for memoir cl
ass
)
(/usr/local/texlive/2015/texmf-dist/tex/generic/mathdots/mathdots.sty
Package: mathdots 2014/06/11 v0.9 Improve and add various macros for dots in ma
th.
\MDo@unit=\dimen163
\MDo@dotsbox=\box38
\MDoprekern=\muskip12
\MDopostkern=\muskip13
\MDodotkern=\muskip14
)
(/usr/local/texlive/2015/texmf-dist/tex/latex/bbm-macros/bbm.sty
Package: bbm 1999/03/15 V 1.2 provides fonts for set symbols - TH
LaTeX Font Info:    Overwriting math alphabet `\mathbbm' in version `bold'
(Font)                  U/bbm/m/n --> U/bbm/bx/n on input line 33.
LaTeX Font Info:    Overwriting math alphabet `\mathbbmss' in version `bold'
(Font)                  U/bbmss/m/n --> U/bbmss/bx/n on input line 35.
)
(/usr/local/texlive/2015/texmf-dist/tex/latex/base/latexsym.sty
Package: latexsym 1998/08/17 v2.2e Standard LaTeX package (lasy symbols)
\symlasy=\mathgroup11
LaTeX Font Info:    Overwriting symbol font `lasy' in version `bold'
(Font)                  U/lasy/m/n --> U/lasy/b/n on input line 52.
)
(/usr/local/texlive/2015/texmf-dist/tex/latex/hyperref/hyperref.sty
Package: hyperref 2012/11/06 v6.83m Hypertext links for LaTeX

(/usr/local/texlive/2015/texmf-dist/tex/generic/oberdiek/hobsub-hyperref.sty
Package: hobsub-hyperref 2012/05/28 v1.13 Bundle oberdiek, subset hyperref (HO)


(/usr/local/texlive/2015/texmf-dist/tex/generic/oberdiek/hobsub-generic.sty
Package: hobsub-generic 2012/05/28 v1.13 Bundle oberdiek, subset generic (HO)
Package: hobsub 2012/05/28 v1.13 Construct package bundles (HO)
Package hobsub Info: Skipping package `infwarerr' (already loaded).
Package: ltxcmds 2011/11/09 v1.22 LaTeX kernel commands for general use (HO)
Package hobsub Info: Skipping package `ifluatex' (already loaded).
Package: ifvtex 2010/03/01 v1.5 Detect VTeX and its facilities (HO)
Package ifvtex Info: VTeX not detected.
Package: intcalc 2007/09/27 v1.1 Expandable calculations with integers (HO)
Package hobsub Info: Skipping package `ifpdf' (already loaded).
Package hobsub Info: Skipping package `etexcmds' (already loaded).
Package hobsub Info: Skipping package `kvsetkeys' (already loaded).
Package: kvdefinekeys 2011/04/07 v1.3 Define keys (HO)
Package: pdftexcmds 2011/11/29 v0.20 Utility functions of pdfTeX for LuaTeX (HO
)
Package pdftexcmds Info: LuaTeX not detected.
Package pdftexcmds Info: \pdf@primitive is available.
Package pdftexcmds Info: \pdf@ifprimitive is available.
Package pdftexcmds Info: \pdfdraftmode is ignored in DVI mode.
Package: pdfescape 2011/11/25 v1.13 Implements pdfTeX's escape features (HO)
Package: bigintcalc 2012/04/08 v1.3 Expandable calculations on big integers (HO
)
Package: bitset 2011/01/30 v1.1 Handle bit-vector datatype (HO)
Package: uniquecounter 2011/01/30 v1.2 Provide unlimited unique counter (HO)
)
Package hobsub Info: Skipping package `hobsub' (already loaded).
Package: letltxmacro 2010/09/02 v1.4 Let assignment for LaTeX macros (HO)
Package: hopatch 2012/05/28 v1.2 Wrapper for package hooks (HO)
Package: xcolor-patch 2011/01/30 xcolor patch
Package: atveryend 2011/06/30 v1.8 Hooks at the very end of document (HO)
Package atveryend Info: \enddocument detected (standard20110627).
Package: atbegshi 2011/10/05 v1.16 At begin shipout hook (HO)
Package: refcount 2011/10/16 v3.4 Data extraction from label references (HO)
Package: hycolor 2011/01/30 v1.7 Color options for hyperref/bookmark (HO)
)
(/usr/local/texlive/2015/texmf-dist/tex/latex/oberdiek/auxhook.sty
Package: auxhook 2011/03/04 v1.3 Hooks for auxiliary files (HO)
)
(/usr/local/texlive/2015/texmf-dist/tex/latex/oberdiek/kvoptions.sty
Package: kvoptions 2011/06/30 v3.11 Key value format for package options (HO)
)
\@linkdim=\dimen164
\Hy@linkcounter=\count167
\Hy@pagecounter=\count168

(/usr/local/texlive/2015/texmf-dist/tex/latex/hyperref/pd1enc.def
File: pd1enc.def 2012/11/06 v6.83m Hyperref: PDFDocEncoding definition (HO)
Now handling font encoding PD1 ...
... no UTF-8 mapping file for font encoding PD1
)
\Hy@SavedSpaceFactor=\count169

(/usr/local/texlive/2015/texmf-dist/tex/latex/latexconfig/hyperref.cfg
File: hyperref.cfg 2002/06/06 v1.2 hyperref configuration of TeXLive
)
Package hyperref Info: Hyper figures OFF on input line 4443.
Package hyperref Info: Link nesting OFF on input line 4448.
Package hyperref Info: Hyper index ON on input line 4451.
Package hyperref Info: Plain pages OFF on input line 4458.
Package hyperref Info: Backreferencing OFF on input line 4463.
Package hyperref Info: Implicit mode ON; LaTeX internals redefined.
Package hyperref Info: Bookmarks ON on input line 4688.
\c@Hy@tempcnt=\count170
LaTeX Info: Redefining \url on input line 5041.
\XeTeXLinkMargin=\dimen165
\Fld@menulength=\count171
\Field@Width=\dimen166
\Fld@charsize=\dimen167
Package hyperref Info: Hyper figures OFF on input line 6295.
Package hyperref Info: Link nesting OFF on input line 6300.
Package hyperref Info: Hyper index ON on input line 6303.
Package hyperref Info: backreferencing OFF on input line 6310.
Package hyperref Info: Link coloring OFF on input line 6315.
Package hyperref Info: Link coloring with OCG OFF on input line 6320.
Package hyperref Info: PDF/A mode OFF on input line 6325.
LaTeX Info: Redefining \ref on input line 6365.
LaTeX Info: Redefining \pageref on input line 6369.
\Hy@abspage=\count172
\c@Item=\count173
\c@Hfootnote=\count174
)

Package hyperref Message: Driver (default): hdvips.

(/usr/local/texlive/2015/texmf-dist/tex/latex/hyperref/hdvips.def
File: hdvips.def 2012/11/06 v6.83m Hyperref driver for dvips

(/usr/local/texlive/2015/texmf-dist/tex/latex/hyperref/pdfmark.def
File: pdfmark.def 2012/11/06 v6.83m Hyperref definitions for pdfmark specials
\pdf@docset=\toks44
\pdf@box=\box39
\pdf@toks=\toks45
\pdf@defaulttoks=\toks46
\HyField@AnnotCount=\count175
\Fld@listcount=\count176
\c@bookmark@seq@number=\count177

(/usr/local/texlive/2015/texmf-dist/tex/latex/oberdiek/rerunfilecheck.sty
Package: rerunfilecheck 2011/04/15 v1.7 Rerun checks for auxiliary files (HO)
Package uniquecounter Info: New unique counter `rerunfilecheck' on input line 2
82.
)
\Hy@SectionHShift=\skip205
))
(/usr/local/texlive/2015/texmf-dist/tex/latex/stmaryrd/stmaryrd.sty
Package: stmaryrd 1994/03/03 St Mary's Road symbol package
\symstmry=\mathgroup12
LaTeX Font Info:    Overwriting symbol font `stmry' in version `bold'
(Font)                  U/stmry/m/n --> U/stmry/b/n on input line 89.
)
(/usr/local/texlive/2015/texmf-dist/tex/latex/multirow/multirow.sty
\bigstrutjot=\dimen168
)
\c@exercise=\count178
\c@theorem=\count179
\c@example=\count180
\c@thm=\count181
\c@lem=\count182
\c@prop=\count183
\c@rmk=\count184
\c@case=\count185
Package color Info: Redefining color yellow on input line 442.
Package color Info: Redefining color red on input line 456.
Package color Info: Redefining color magenta on input line 462.
Package color Info: Redefining color blue on input line 483.
Package color Info: Redefining color cyan on input line 485.
Package color Info: Redefining color green on input line 495.
Package color Info: Redefining color black on input line 507.
Package color Info: Redefining color white on input line 508.


******************************************************
Stock height and width: 845.04684pt by 597.50787pt
Top and edge trims: 0pt and 0pt
Page height and width: 845.04684pt by 597.50787pt
Text height and width: 704.60031pt by 507pt
Spine and edge margins: 54.20248pt and 36.135pt
Upper and lower margins: 72.26999pt and 68.17654pt
Headheight and headsep: 13.6pt and 27.20001pt
Footskip: 27.20001pt
Columnsep and columnseprule: 10pt and 0pt
Marginparsep and marginparwidth: 7pt and 22.135pt
Sidecapsep and sidecapwidth: 7pt and 101pt
Sidebarhsep and sidebarwidth: 7pt and 101pt
Sidebarvsep and sidebartopsep: 13.6pt and 0pt
Sidebarheight: 594.32022pt
Sidefoothsep and sidefootwidth: 7pt and 101pt
Sidefootvsep and sidefootheight: 13.6pt and 594.32022pt
******************************************************

) (./PhD.aux

LaTeX Warning: Label `eq:linsys_P1' multiply defined.


LaTeX Warning: Label `sec:conclusion' multiply defined.


LaTeX Warning: Label `fig:Setup' multiply defined.

)
\openout1 = `PhD.aux'.

LaTeX Font Info:    Checking defaults for OML/cmm/m/it on input line 4.
LaTeX Font Info:    ... okay on input line 4.
LaTeX Font Info:    Checking defaults for T1/cmr/m/n on input line 4.
LaTeX Font Info:    ... okay on input line 4.
LaTeX Font Info:    Checking defaults for OT1/cmr/m/n on input line 4.
LaTeX Font Info:    ... okay on input line 4.
LaTeX Font Info:    Checking defaults for OMS/cmsy/m/n on input line 4.
LaTeX Font Info:    ... okay on input line 4.
LaTeX Font Info:    Checking defaults for OMX/cmex/m/n on input line 4.
LaTeX Font Info:    ... okay on input line 4.
LaTeX Font Info:    Checking defaults for U/cmr/m/n on input line 4.
LaTeX Font Info:    ... okay on input line 4.
LaTeX Font Info:    Checking defaults for PD1/pdf/m/n on input line 4.
LaTeX Font Info:    ... okay on input line 4.
\AtBeginShipoutBox=\box40
Package hyperref Info: Link coloring OFF on input line 4.
 (/usr/local/texlive/2015/texmf-dist/tex/latex/hyperref/nameref.sty
Package: nameref 2012/10/27 v2.43 Cross-referencing by name of section

(/usr/local/texlive/2015/texmf-dist/tex/generic/oberdiek/gettitlestring.sty
Package: gettitlestring 2010/12/03 v1.4 Cleanup title references (HO)
)
\c@section@level=\count186
)
Redoing nameref's sectioning
Redoing nameref's label
LaTeX Info: Redefining \nameref on input line 4.
LaTeX Info: Redefining \ref on input line 4.
LaTeX Info: Redefining \pageref on input line 4.
LaTeX Info: Redefining \nameref on input line 4.
(./PhD.out) (./PhD.out)
\@outlinefile=\write4
\openout4 = `PhD.out'.



Package hyperref Warning: Rerun to get /PageLabels entry.

(./front.tex
File: logoX.eps Graphic file (type eps)
 <logoX.eps>
File: logoENS.eps Graphic file (type eps)
 <logoENS.eps>
File: poisson_anomaly.eps Graphic file (type eps)
 <poisson_anomaly.eps>
LaTeX Font Info:    Try loading font information for U+msa on input line 79.

(/usr/local/texlive/2015/texmf-dist/tex/latex/amsfonts/umsa.fd
File: umsa.fd 2013/01/14 v3.01 AMS symbols A
)
LaTeX Font Info:    Try loading font information for U+msb on input line 79.

(/usr/local/texlive/2015/texmf-dist/tex/latex/amsfonts/umsb.fd
File: umsb.fd 2013/01/14 v3.01 AMS symbols B
)
LaTeX Font Info:    Try loading font information for U+esint on input line 79.

(/usr/local/texlive/2015/texmf-dist/tex/latex/esint/uesint.fd
File: uesint.fd 
)
LaTeX Font Info:    Try loading font information for U+rsfs on input line 79.

(/usr/local/texlive/2015/texmf-dist/tex/latex/jknapltx/ursfs.fd
File: ursfs.fd 1998/03/24 rsfs font definition file (jk)
)
LaTeX Font Info:    Try loading font information for U+lasy on input line 79.

(/usr/local/texlive/2015/texmf-dist/tex/latex/base/ulasy.fd
File: ulasy.fd 1998/08/17 v2.2e LaTeX symbol font definitions
)
LaTeX Font Info:    Try loading font information for U+stmry on input line 79.

(/usr/local/texlive/2015/texmf-dist/tex/latex/stmaryrd/Ustmry.fd) [1


] [2

]

LaTeX Font Warning: Font shape `OT1/cmss/m/it' in size <10.95> not available
(Font)              Font shape `OT1/cmss/m/sl' tried instead on input line 98.

[3] [4

]
Underfull \hbox (badness 10000) in paragraph at lines 111--117

 []

[5] [6

] (./PhD.toc [1]
Overfull \hbox (1.91605pt too wide) detected at line 105
 \OT1/cmr/bx/n/10.95 101
 []

[2]
Overfull \hbox (1.91605pt too wide) detected at line 127
 \OT1/cmr/bx/n/10.95 119
 []


Overfull \hbox (1.91605pt too wide) detected at line 128
 \OT1/cmr/bx/n/10.95 121
 []


Overfull \hbox (1.91605pt too wide) detected at line 129
 \OT1/cmr/bx/n/10.95 123
 []


Overfull \hbox (1.91605pt too wide) detected at line 133
 \OT1/cmr/bx/n/10.95 127
 []

)) [3] [4

] (./ack/ack.tex [1

]) (./abst/resume.tex [2]) (./abst/abst.tex
[3

] [4

]) (./intro/intro.tex [5] [6

]
CiteRef Warning: Citation `lissmann1958mechanism' on page 7 undefined.
CiteRef Warning: Citation `neuro' on page 7 undefined.
CiteRef Warning: Citation `moller1995electric' on page 7 undefined.
CiteRef Warning: Citation `finger2011shocking' on page 7 undefined.
CiteRef Warning: Citation `moller1995electric' on page 7 undefined.
[7]
File: intro/figures/narmerp1.eps Graphic file (type eps)
 <intro/figures/narmerp1.eps>
File: intro/figures/serekh.eps Graphic file (type eps)
 <intro/figures/serekh.eps>
CiteRef Warning: Citation `boulenger1965fishes' on page 8 undefined.
CiteRef Warning: Citation `howes1985phylogenetic' on page 8 undefined.
CiteRef Warning: Citation `boulenger1965fishes' on page 8 undefined.
CiteRef Warning: Citation `howes1985phylogenetic' on page 8 undefined.
CiteRef Warning: Citation `feldberg1942cholinergic' on page 8 undefined.
File: intro/figures/fish_geography.eps Graphic file (type eps)
<intro/figures/fish_geography.eps>
CiteRef Warning: Citation `moller1995electric' on page 8 undefined.
CiteRef Warning: Citation `moller1995electric' on page 8 undefined.

Underfull \vbox (badness 3138) has occurred while \output is active []

 [8]
File: intro/figures/pulse_wave.eps Graphic file (type eps)

<intro/figures/pulse_wave.eps>
CiteRef Warning: Citation `graff2004fish' on page 9 undefined.
CiteRef Warning: Citation `graff2004fish' on page 9 undefined.

LaTeX Warning: `!h' float specifier changed to `!ht'.

CiteRef Warning: Citation `stoddard2008signal' on page 9 undefined.
[9]
File: intro/figures/electric_organ.eps Graphic file (type eps)
 <intro/figures/electric_organ.eps>
CiteRef Warning: Citation `stoddard2008signal' on page 10 undefined.
CiteRef Warning: Citation `stoddard2008signal' on page 10 undefined.
(/usr/local/texlive/2015/texmf-dist/tex/latex/base/latin1.def
File: latin1.def 2015/03/17 v1.2c Input encoding file
)
(/usr/local/texlive/2015/texmf-dist/tex/latex/base/latin9.def
File: latin9.def 2015/03/17 v1.2c Input encoding file
)
CiteRef Warning: Citation `volta1800electricity' on page 10 undefined.
[10]
File: intro/figures/neurone.eps Graphic file (type eps)
 <intro/figures/neurone.eps>
CiteRef Warning: Citation `rouviere2002' on page 11 undefined.
CiteRef Warning: Citation `rouviere2002' on page 11 undefined.
(/usr/local/texlive/2015/texmf-dist/tex/latex/base/latin1.def
File: latin1.def 2015/03/17 v1.2c Input encoding file
)
(/usr/local/texlive/2015/texmf-dist/tex/latex/base/latin9.def
File: latin9.def 2015/03/17 v1.2c Input encoding file
)
File: intro/figures/electroreceptors.eps Graphic file (type eps)

<intro/figures/electroreceptors.eps>
CiteRef Warning: Citation `moller1995electric' on page 11 undefined.
CiteRef Warning: Citation `moller1995electric' on page 11 undefined.
[11]
File: intro/figures/density_electroreceptors.eps Graphic file (type eps)
 <intro/figures/density_electroreceptors.eps>
CiteRef Warning: Citation `moller1995electric' on page 12 undefined.
CiteRef Warning: Citation `moller1995electric' on page 12 undefined.
CiteRef Warning: Citation `albert2005diversity' on page 12 undefined.
CiteRef Warning: Citation `okedi1971food' on page 12 undefined.
CiteRef Warning: Citation `adair1998detection' on page 12 undefined.
CiteRef Warning: Citation `kalmijn-1988' on page 12 undefined.
CiteRef Warning: Citation `lissmann1958evolution' on page 12 undefined.
CiteRef Warning: Citation `kalmijn-1988' on page 12 undefined.
CiteRef Warning: Citation `hopkins-passive' on page 12 undefined.
File: intro/figures/passive_electrolocation.eps Graphic file (type eps)
<intro/figures/passive_electrolocation.eps>
CiteRef Warning: Citation `davis1988behavioural' on page 12 undefined.
CiteRef Warning: Citation `davis1988behavioural' on page 12 undefined.
LaTeX Font Info:    Try loading font information for OMS+cmr on input line 289.

(/usr/local/texlive/2015/texmf-dist/tex/latex/base/omscmr.fd
File: omscmr.fd 2014/09/29 v2.5h Standard LaTeX font definitions
)
LaTeX Font Info:    Font shape `OMS/cmr/m/n' in size <8> not available
(Font)              Font shape `OMS/cmsy/m/n' tried instead on input line 289.
LaTeX Font Info:    Font shape `OMS/cmr/m/n' in size <6> not available
(Font)              Font shape `OMS/cmsy/m/n' tried instead on input line 290.

CiteRef Warning: Citation `moller1995electric' on page 12 undefined.
CiteRef Warning: Citation `von1999active' on page 12 undefined.
CiteRef Warning: Citation `von1992electro-location' on page 12 undefined.
CiteRef Warning: Citation `von1993electric' on page 12 undefined.
[12]
File: intro/figures/behavior_exp.eps Graphic file (type eps)
 <intro/figures/behavior_exp.eps>
CiteRef Warning: Citation `von1993electric' on page 13 undefined.
CiteRef Warning: Citation `gerhard' on page 13 undefined.
CiteRef Warning: Citation `von1993electric' on page 13 undefined.
CiteRef Warning: Citation `gerhard' on page 13 undefined.
CiteRef Warning: Citation `lissmann1958mechanism' on page 13 undefined.
CiteRef Warning: Citation `lannoo1993electric' on page 13 undefined.
CiteRef Warning: Citation `toerring1979motor' on page 13 undefined.
File: intro/figures/PMA.eps Graphic file (type eps)
<intro/figures/PMA.eps>
CiteRef Warning: Citation `toerring1984locomotor' on page 13 undefined.
CiteRef Warning: Citation `toerring1984locomotor' on page 13 undefined.

LaTeX Warning: `h' float specifier changed to `ht'.

File: intro/figures/EOD_PMA.eps Graphic file (type eps)
<intro/figures/EOD_PMA.eps>
CiteRef Warning: Citation `toerring1984locomotor' on page 13 undefined.
CiteRef Warning: Citation `toerring1984locomotor' on page 13 undefined.

LaTeX Warning: `h' float specifier changed to `ht'.

CiteRef Warning: Citation `lissmann1958mechanism' on page 13 undefined.

Underfull \vbox (badness 7704) has occurred while \output is active []

 [13]
CiteRef Warning: Citation `lissmann1958mechanism' on page 14 undefined.
CiteRef Warning: Citation `bacher1983' on page 14 undefined.
CiteRef Warning: Citation `rasnow1996simple' on page 14 undefined.
[14]
File: intro/figures/dipole_Lissmann.eps Graphic file (type eps)
 <intro/figures/dipole_Lissmann.eps>
CiteRef Warning: Citation `lissmann1958mechanism' on page 15 undefined.
CiteRef Warning: Citation `lissmann1958mechanism' on page 15 undefined.
CiteRef Warning: Citation `bacher1983' on page 15 undefined.
LaTeX Font Info:    Font shape `U/lasy/b/n' in size <8> not available
(Font)              Font shape `U/lasy/m/n' tried instead on input line 412.
LaTeX Font Info:    Font shape `U/lasy/b/n' in size <6> not available
(Font)              Font shape `U/lasy/m/n' tried instead on input line 412.

LaTeX Font Warning: Font shape `U/stmry/b/n' undefined
(Font)              using `U/stmry/m/n' instead on input line 412.

CiteRef Warning: Citation `assad1998electric' on page 15 undefined.
CiteRef Warning: Citation `assad1999electric' on page 15 undefined.
CiteRef Warning: Citation `heiligenberg1975theoretical' on page 15 undefined.
CiteRef Warning: Citation `hoshimiya1980theapteronotus' on page 15 undefined.
[15]
File: intro/figures/impedance_skin.eps Graphic file (type eps)
 <intro/figures/impedance_skin.eps>
CiteRef Warning: Citation `hoshimiya1980theapteronotus' on page 16 undefined.
CiteRef Warning: Citation `hoshimiya1980theapteronotus' on page 16 undefined.
CiteRef Warning: Citation `babineau2006modeling' on page 16 undefined.
CiteRef Warning: Citation `maciver2001computational' on page 16 undefined.
CiteRef Warning: Citation `migliaro2005theoretical' on page 16 undefined.
CiteRef Warning: Citation `rasnow1989simulation' on page 16 undefined.
CiteRef Warning: Citation `migliaro2005theoretical' on page 16 undefined.
CiteRef Warning: Citation `nelson-target' on page 16 undefined.
CiteRef Warning: Citation `assad1997phd' on page 16 undefined.
CiteRef Warning: Citation `williams1990hypercube' on page 16 undefined.
File: intro/figures/BEM_Assad.eps Graphic file (type eps)
<intro/figures/BEM_Assad.eps>
CiteRef Warning: Citation `assad1998electric' on page 16 undefined.
CiteRef Warning: Citation `assad1998electric' on page 16 undefined.
CiteRef Warning: Citation `budelli2000electric' on page 16 undefined.
CiteRef Warning: Citation `caputi1998electric' on page 16 undefined.
CiteRef Warning: Citation `chen2005modeling' on page 16 undefined.
CiteRef Warning: Citation `neuro' on page 16 undefined.
[16]
CiteRef Warning: Citation `boyer' on page 17 undefined.
[17]) (./model/math_model.tex [18]
CiteRef Warning: Citation `ABG2012modeling' on page 19 undefined.
CiteRef Warning: Citation `assad1997phd' on page 19 undefined.
CiteRef Warning: Citation `assad1990hypercube' on page 19 undefined.
[19

]
CiteRef Warning: Citation `vanRienen2001' on page 20 undefined.
CiteRef Warning: Citation `vanRienen2001' on page 20 undefined.
CiteRef Warning: Citation `moller1995electric' on page 20 undefined.
[20]
CiteRef Warning: Citation `caputi1998electric' on page 21 undefined.
CiteRef Warning: Citation `scheich1973coding' on page 21 undefined.
CiteRef Warning: Citation `assad1998electric' on page 21 undefined.
CiteRef Warning: Citation `stoddard1999electric' on page 21 undefined.
CiteRef Warning: Citation `moller1995electric' on page 21 undefined.
CiteRef Warning: Citation `moller1995electric' on page 21 undefined.
CiteRef Warning: Citation `maciver2001prey' on page 21 undefined.
CiteRef Warning: Citation `bell1976electric' on page 21 undefined.
CiteRef Warning: Citation `scheich1973coding' on page 21 undefined.
CiteRef Warning: Citation `caputi1998electric' on page 21 undefined.
CiteRef Warning: Citation `zakon1986electroreceptive' on page 21 undefined.
[21]
File: model/fish_model.eps Graphic file (type eps)
 <model/fish_model.eps> [22]
CiteRef Warning: Citation `assad1990hypercube' on page 23 undefined.
CiteRef Warning: Citation `ammari2007polarization' on page 23 undefined.
[23]
CiteRef Warning: Citation `ammari2007polarization' on page 24 undefined.
CiteRef Warning: Citation `escauriaza1992' on page 24 undefined.
CiteRef Warning: Citation `kellogg2010foundations' on page 24 undefined.
CiteRef Warning: Citation `verchota1984' on page 24 undefined.
Package hyperref Info: bookmark level for unknown theorem defaults to 0 on inpu
t line 447.
CiteRef Warning: Citation `ammarikang2009' on page 24 undefined.
CiteRef Warning: Citation `kang1996' on page 24 undefined.
Package hyperref Info: bookmark level for unknown lemma defaults to 0 on input 
line 462.
[24]
CiteRef Warning: Citation `allaire2007numerical' on page 25 undefined.
CiteRef Warning: Citation `ammari2007polarization' on page 25 undefined.
[25]
CiteRef Warning: Citation `zribilayer' on page 26 undefined.
CiteRef Warning: Citation `khelifizribi2011asymptotic' on page 26 undefined.
CiteRef Warning: Citation `zribilayer' on page 26 undefined.
[26]
LaTeX Font Info:    Font shape `OMS/cmr/m/n' in size <10.95> not available
(Font)              Font shape `OMS/cmsy/m/n' tried instead on input line 664.

CiteRef Warning: Citation `ammari2010conductivity' on page 27 undefined.
CiteRef Warning: Citation `zribilayer' on page 27 undefined.
CiteRef Warning: Citation `crisoforis2004' on page 27 undefined.
[27]
CiteRef Warning: Citation `crisoforis2004' on page 28 undefined.
CiteRef Warning: Citation `ammari2010conductivity' on page 28 undefined.
CiteRef Warning: Citation `zribilayer' on page 28 undefined.
Package hyperref Info: bookmark level for unknown proposition defaults to 0 on 
input line 742.
[28]
CiteRef Warning: Citation `zribilayer' on page 29 undefined.
CiteRef Warning: Citation `crisoforis2004' on page 29 undefined.

Underfull \hbox (badness 10000) detected at line 837
 []$[]   []$ [][][]  [][]  
 []

[29] [30]
CiteRef Warning: Citation `taylor1' on page 31 undefined.
[31] [32]
CiteRef Warning: Citation `moller1995electric' on page 33 undefined.
[33]
CiteRef Warning: Citation `ammari2004reconstruction' on page 34 undefined.
CiteRef Warning: Citation `cedio1998identification' on page 34 undefined.
CiteRef Warning: Citation `ammari2004reconstruction' on page 34 undefined.
CiteRef Warning: Citation `ammarisima02' on page 34 undefined.
CiteRef Warning: Citation `ammari2007polarization' on page 34 undefined.
CiteRef Warning: Citation `ammari2004reconstruction' on page 34 undefined.
CiteRef Warning: Citation `ammari2007polarization' on page 34 undefined.
[34]
CiteRef Warning: Citation `ammari2004reconstruction' on page 35 undefined.
CiteRef Warning: Citation `nedelec1982integral' on page 35 undefined.
CiteRef Warning: Citation `steinbach2008numerical' on page 35 undefined.
[35]
CiteRef Warning: Citation `steinbach2008numerical' on page 36 undefined.
CiteRef Warning: Citation `nedelec1982integral' on page 36 undefined.

Underfull \vbox (badness 2689) has occurred while \output is active []

 [36]
[37]
File: model/fish_like_simul_without_anomaly.eps Graphic file (type eps)
 <model/fish_like_simul_without_anomaly.eps>
File: model/fish_like_simul.eps Graphic file (type eps)
 <model/fish_like_simul.eps>
File: model/zoom_anomaly.eps Graphic file (type eps)

<model/zoom_anomaly.eps>
File: model/zoom_anomaly_star.eps Graphic file (type eps)
 <model/zoom_anomaly_star.eps>

LaTeX Warning: `!h' float specifier changed to `!ht'.

File: model/2disks_fwd.eps Graphic file (type eps)
<model/2disks_fwd.eps>
File: model/2disks_fwd_dipol.eps Graphic file (type eps)
 <model/2disks_fwd_dipol.eps>
File: model/2disks_fwd_dipolEquiv.eps Graphic file (type eps)

<model/2disks_fwd_dipolEquiv.eps>

LaTeX Warning: `!h' float specifier changed to `!ht'.

) (./model/localization.tex [38] [39] [40]
CiteRef Warning: Citation `ABG2012modeling' on page 41 undefined.
CiteRef Warning: Citation `berettafrancini2011stability' on page 41 undefined.
CiteRef Warning: Citation `ammari2004reconstruction' on page 41 undefined.
CiteRef Warning: Citation `ammari2007polarization' on page 41 undefined.
CiteRef Warning: Citation `AGKPS2011cracks' on page 41 undefined.
CiteRef Warning: Citation `AIL2005music' on page 41 undefined.
CiteRef Warning: Citation `AKKLV2008music' on page 41 undefined.
CiteRef Warning: Citation `bruhl2003direct' on page 41 undefined.
CiteRef Warning: Citation `chambersberryman2006target' on page 41 undefined.
CiteRef Warning: Citation `cheney2001linearsampling' on page 41 undefined.
CiteRef Warning: Citation `kirsch1999characterization' on page 41 undefined.
CiteRef Warning: Citation `ammari2007polarization' on page 41 undefined.
[41

]
CiteRef Warning: Citation `scholz2002towards' on page 42 undefined.
CiteRef Warning: Citation `schmidt1986multiple' on page 42 undefined.
CiteRef Warning: Citation `devaney2004super' on page 42 undefined.
CiteRef Warning: Citation `ammari2007identification' on page 42 undefined.
CiteRef Warning: Citation `AKKLV2008music' on page 42 undefined.
CiteRef Warning: Citation `bruhl2003direct' on page 42 undefined.
CiteRef Warning: Citation `moller1995electric' on page 42 undefined.
CiteRef Warning: Citation `ammari2007polarization' on page 42 undefined.
CiteRef Warning: Citation `milton2002theory' on page 42 undefined.
[42]
CiteRef Warning: Citation `ammari2007polarization' on page 43 undefined.
[43]
CiteRef Warning: Citation `kato1976perturbation' on page 44 undefined.
File: model/disk.eps Graphic file (type eps)
<model/disk.eps>
File: model/disk_geometry.eps Graphic file (type eps)
 <model/disk_geometry.eps>
File: model/ellipse.eps Graphic file (type eps)
 <model/ellipse.eps>
File: model/ellipse_geometry.eps Graphic file (type eps)

<model/ellipse_geometry.eps>
File: model/star.eps Graphic file (type eps)
 <model/star.eps>
File: model/star_geometry.eps Graphic file (type eps)
 <model/star_geometry.eps>
[44]
CiteRef Warning: Citation `ammari2004reconstruction' on page 45 undefined.
CiteRef Warning: Citation `mosher1999source' on page 45 undefined.
[45]
File: model/2disks.eps Graphic file (type eps)
 <model/2disks.eps>
File: model/2disks_close.eps Graphic file (type eps)
 <model/2disks_close.eps>
File: model/1freq-no_noise.eps Graphic file (type eps)
 <model/1freq-no_noise.eps>
File: model/2disks_1freq.eps Graphic file (type eps)

<model/2disks_1freq.eps>
File: model/2disks_2freq.eps Graphic file (type eps)
 <model/2disks_2freq.eps>
Underfull \vbox (badness 10000) has occurred while \output is active []

 [46]
File: model/2disks_1noise.eps Graphic file (type eps)

<model/2disks_1noise.eps>
File: model/disk_1freq_10noise.eps Graphic file (type eps)
 <model/disk_1freq_10noise.eps>
File: model/disk_100freq_10noise.eps Graphic file (type eps)

<model/disk_100freq_10noise.eps>
File: model/star_1freq_no_noise.eps Graphic file (type eps)
 <model/star_1freq_no_noise.eps>
File: model/star_1freq_10noise.eps Graphic file (type eps)

<model/star_1freq_10noise.eps>
File: model/std_localization.eps Graphic file (type eps)
 <model/std_localization.eps> [47]
File: model/disk_100trials_10noise.eps Graphic file (type eps)

<model/disk_100trials_10noise.eps>
File: model/star_100trials_10noise.eps Graphic file (type eps)
 <model/star_100trials_10noise.eps>
File: model/stats-sensors-noise.eps Graphic file (type eps)

<model/stats-sensors-noise.eps>
File: model/distance.eps Graphic file (type eps)
 <model/distance.eps> [48] [49] [50] [51]
File: model/k_n_estimation.eps Graphic file (type eps)

<model/k_n_estimation.eps>

LaTeX Warning: `!h' float specifier changed to `!ht'.

CiteRef Warning: Citation `ammari2007polarization' on page 52 undefined.
[52]
CiteRef Warning: Citation `kang2013IHP' on page 53 undefined.
CiteRef Warning: Citation `ammari2004reconstruction' on page 53 undefined.
CiteRef Warning: Citation `ammari2004reconstruction' on page 53 undefined.
) (./dico/GPTextraction.tex [53] [54

]
CiteRef Warning: Citation `ABGJKW2012dico' on page 55 undefined.
CiteRef Warning: Citation `ammari2012tracking' on page 55 undefined.
CiteRef Warning: Citation `ammarisima02' on page 55 undefined.
CiteRef Warning: Citation `ammari2004reconstruction' on page 55 undefined.
CiteRef Warning: Citation `AK_MMS_03' on page 55 undefined.
CiteRef Warning: Citation `dassios' on page 55 undefined.
CiteRef Warning: Citation `ammari2004reconstruction' on page 55 undefined.
CiteRef Warning: Citation `milton2002theory' on page 55 undefined.
CiteRef Warning: Citation `AKT_AA_05' on page 55 undefined.
CiteRef Warning: Citation `AKLL11' on page 55 undefined.
CiteRef Warning: Citation `PS51' on page 55 undefined.
CiteRef Warning: Citation `FV_ARMA_89' on page 55 undefined.
CiteRef Warning: Citation `cedio1998identification' on page 55 undefined.
CiteRef Warning: Citation `ammarisima02' on page 55 undefined.
[55]
CiteRef Warning: Citation `AKLL11' on page 56 undefined.
CiteRef Warning: Citation `ammari2007polarization' on page 56 undefined.
CiteRef Warning: Citation `ammari2004reconstruction' on page 56 undefined.
CiteRef Warning: Citation `AGJ' on page 56 undefined.
File: dico/figures/fig1.eps Graphic file (type eps)
<dico/figures/fig1.eps> [56]
CiteRef Warning: Citation `ammari2004reconstruction' on page 57 undefined.
[57]
CiteRef Warning: Citation `ammari2004reconstruction' on page 58 undefined.
CiteRef Warning: Citation `ammari2007polarization' on page 58 undefined.
[58]
CiteRef Warning: Citation `AKLL11' on page 59 undefined.
[59]
CiteRef Warning: Citation `ammari2007polarization' on page 60 undefined.
CiteRef Warning: Citation `LH95' on page 60 undefined.
[60]

LaTeX Warning: Command \L invalid in math mode on input line 495.


LaTeX Warning: Command \L invalid in math mode on input line 496.


LaTeX Warning: Command \L invalid in math mode on input line 496.


LaTeX Warning: Command \L invalid in math mode on input line 498.

CiteRef Warning: Citation `ABGJKW2012dico' on page 61 undefined.
[61]
CiteRef Warning: Citation `ABGJKW2012dico' on page 62 undefined.
[62] [63]
Package hyperref Info: bookmark level for unknown remark defaults to 0 on input
 line 747.


Class memoir Warning: The \it font command is deprecated. 
(memoir)              Use \textit{...} or {\itshape... } instead on input line 
760.

[64]
CiteRef Warning: Citation `zygmund_trigonometric_1988' on page 65 undefined.
CiteRef Warning: Citation `zygmund_trigonometric_1988' on page 65 undefined.
[65]
CiteRef Warning: Citation `margolis_nonuniform_2008' on page 66 undefined.
Package hyperref Info: bookmark level for unknown rmk defaults to 0 on input li
ne 1002.
[66]
File: tracking/cond_lim_aov/fig1a.eps Graphic file (type eps)
 <tracking/cond_lim_aov/fig1a.eps>
File: tracking/cond_lim_aov/fig1b.eps Graphic file (type eps)
 <tracking/cond_lim_aov/fig1b.eps>
File: tracking/cond_lim_aov/fig2a.eps Graphic file (type eps)

<tracking/cond_lim_aov/fig2a.eps>
File: tracking/cond_lim_aov/fig2b.eps Graphic file (type eps)
 <tracking/cond_lim_aov/fig2b.eps>
File: tracking/cond_lim_aov/fig3a.eps Graphic file (type eps)

<tracking/cond_lim_aov/fig3a.eps>
File: tracking/cond_lim_aov/fig3b.eps Graphic file (type eps)
 <tracking/cond_lim_aov/fig3b.eps>
CiteRef Warning: Citation `AGJ' on page 67 undefined.
CiteRef Warning: Citation `ammari2007polarization' on page 67 undefined.
[67]
File: dico/figures/fig1_ellipse_std.eps Graphic file (type eps)
 <dico/figures/fig1_ellipse_std.eps> [68]
CiteRef Warning: Citation `ammari2007polarization' on page 69 undefined.
File: dico/figures/fig2_0p01.eps Graphic file (type eps)
<dico/figures/fig2_0p01.eps>
File: dico/figures/fig2_0p1.eps Graphic file (type eps)
 <dico/figures/fig2_0p1.eps>
File: dico/figures/fig2_0p5.eps Graphic file (type eps)

<dico/figures/fig2_0p5.eps>
File: dico/figures/fig2_1p0.eps Graphic file (type eps)
 <dico/figures/fig2_1p0.eps>
File: dico/figures/fig3_b.eps Graphic file (type eps)

<dico/figures/fig3_b.eps>
File: dico/figures/fig3_a.eps Graphic file (type eps)
 <dico/figures/fig3_a.eps> [69]
File: tracking/CGPT_lim_aov/fig1a.eps Graphic file (type eps)

<tracking/CGPT_lim_aov/fig1a.eps>
File: tracking/CGPT_lim_aov/fig1b.eps Graphic file (type eps)
 <tracking/CGPT_lim_aov/fig1b.eps>)
(./dico/dictionary_matching.tex [70] [71] [72

]
CiteRef Warning: Citation `ABGJKW2012dico' on page 73 undefined.
CiteRef Warning: Citation `ammari2004reconstruction' on page 73 undefined.
CiteRef Warning: Citation `ammari2007polarization' on page 73 undefined.
CiteRef Warning: Citation `ammari2010conductivity' on page 73 undefined.
CiteRef Warning: Citation `AGKLY11' on page 73 undefined.
CiteRef Warning: Citation `yves' on page 73 undefined.
[73]
CiteRef Warning: Citation `opt' on page 74 undefined.
CiteRef Warning: Citation `opt1' on page 74 undefined.
CiteRef Warning: Citation `opt2' on page 74 undefined.
CiteRef Warning: Citation `optnew1' on page 74 undefined.
CiteRef Warning: Citation `optnew2' on page 74 undefined.
[74]
CiteRef Warning: Citation `AGKLY11' on page 75 undefined.
CiteRef Warning: Citation `AGKLY11' on page 75 undefined.
[75] [76]
CiteRef Warning: Citation `ammari2007polarization' on page 77 undefined.
CiteRef Warning: Citation `ammari2007polarization' on page 77 undefined.
CiteRef Warning: Citation `ammari2010conductivity' on page 77 undefined.
[77] [78]
Package hyperref Info: bookmark level for unknown algorithm defaults to 0 on in
put line 510.
 [79]
File: dico/figures/fig1_ellipse_std.eps Graphic file (type eps)
 <dico/figures/fig1_ellipse_std.eps> [80]
File: dico/figures/fig4_a.eps Graphic file (type eps)

<dico/figures/fig4_a.eps>
File: dico/figures/fig4_b.eps Graphic file (type eps)
 <dico/figures/fig4_b.eps>
CiteRef Warning: Citation `AGKLY11' on page 81 undefined.
[81]
File: dico/figures/fig5_a.eps Graphic file (type eps)
 <dico/figures/fig5_a.eps>
File: dico/figures/fig5_b.eps Graphic file (type eps)
 <dico/figures/fig5_b.eps>
File: dico/figures/fig6_a.eps Graphic file (type eps)

<dico/figures/fig6_a.eps>
File: dico/figures/fig6_b.eps Graphic file (type eps)
 <dico/figures/fig6_b.eps> [82]
CiteRef Warning: Citation `AGKLY11' on page 83 undefined.
File: dico/figures/fig7_a.eps Graphic file (type eps)
<dico/figures/fig7_a.eps>
File: dico/figures/fig7_b.eps Graphic file (type eps)
 <dico/figures/fig7_b.eps>
File: dico/figures/fig7_c.eps Graphic file (type eps)
 <dico/figures/fig7_c.eps>
File: dico/figures/fig7_d.eps Graphic file (type eps)

<dico/figures/fig7_d.eps>
File: dico/figures/fig8_a.eps Graphic file (type eps)
 <dico/figures/fig8_a.eps>
File: dico/figures/fig8_c.eps Graphic file (type eps)
 <dico/figures/fig8_c.eps>
File: dico/figures/fig8_b.eps Graphic file (type eps)

<dico/figures/fig8_b.eps>
File: dico/figures/fig8_d.eps Graphic file (type eps)
 <dico/figures/fig8_d.eps> [83]
File: dico/figures/fig9_a.eps Graphic file (type eps)

<dico/figures/fig9_a.eps>
File: dico/figures/fig9_b.eps Graphic file (type eps)
 <dico/figures/fig9_b.eps>
File: dico/figures/fig10_a.eps Graphic file (type eps)
 <dico/figures/fig10_a.eps>
File: dico/figures/fig10_b.eps Graphic file (type eps)

<dico/figures/fig10_b.eps>
File: dico/figures/P_aov1_setup.eps Graphic file (type eps)
 <dico/figures/P_aov1_setup.eps>
File: dico/figures/P_aov2_setup.eps Graphic file (type eps)

<dico/figures/P_aov2_setup.eps>
File: dico/figures/P_aov1_matching.eps Graphic file (type eps)
 <dico/figures/P_aov1_matching.eps>
File: dico/figures/P_aov2_matching.eps Graphic file (type eps)

<dico/figures/P_aov2_matching.eps>
File: dico/figures/Letters_std/A.eps Graphic file (type eps)
 <dico/figures/Letters_std/A.eps>
File: dico/figures/Letters_std/B.eps Graphic file (type eps)

<dico/figures/Letters_std/B.eps>
File: dico/figures/Letters_std/C.eps Graphic file (type eps)
 <dico/figures/Letters_std/C.eps>
File: dico/figures/Letters_std/D.eps Graphic file (type eps)

<dico/figures/Letters_std/D.eps>
File: dico/figures/Letters_std/E.eps Graphic file (type eps)
 <dico/figures/Letters_std/E.eps>
File: dico/figures/Letters_std/F.eps Graphic file (type eps)

<dico/figures/Letters_std/F.eps>
File: dico/figures/Letters_std/G.eps Graphic file (type eps)
 <dico/figures/Letters_std/G.eps>
File: dico/figures/Letters_std/H.eps Graphic file (type eps)

<dico/figures/Letters_std/H.eps>
File: dico/figures/Letters_std/I.eps Graphic file (type eps)
 <dico/figures/Letters_std/I.eps>
File: dico/figures/Letters_std/J.eps Graphic file (type eps)

<dico/figures/Letters_std/J.eps>
File: dico/figures/Letters_std/K.eps Graphic file (type eps)
 <dico/figures/Letters_std/K.eps>
File: dico/figures/Letters_std/L.eps Graphic file (type eps)

<dico/figures/Letters_std/L.eps>
File: dico/figures/Letters_std/M.eps Graphic file (type eps)
 <dico/figures/Letters_std/M.eps>
File: dico/figures/Letters_std/N.eps Graphic file (type eps)

<dico/figures/Letters_std/N.eps>
File: dico/figures/Letters_std/O.eps Graphic file (type eps)
 <dico/figures/Letters_std/O.eps>
File: dico/figures/Letters_std/P.eps Graphic file (type eps)

<dico/figures/Letters_std/P.eps>
File: dico/figures/Letters_std/Q.eps Graphic file (type eps)
 <dico/figures/Letters_std/Q.eps>
File: dico/figures/Letters_std/R.eps Graphic file (type eps)

<dico/figures/Letters_std/R.eps>
File: dico/figures/Letters_std/S.eps Graphic file (type eps)
 <dico/figures/Letters_std/S.eps>
File: dico/figures/Letters_std/T.eps Graphic file (type eps)

<dico/figures/Letters_std/T.eps>
File: dico/figures/Letters_std/U.eps Graphic file (type eps)
 <dico/figures/Letters_std/U.eps>
File: dico/figures/Letters_std/V.eps Graphic file (type eps)

<dico/figures/Letters_std/V.eps>
File: dico/figures/Letters_std/W.eps Graphic file (type eps)
 <dico/figures/Letters_std/W.eps>
File: dico/figures/Letters_std/X.eps Graphic file (type eps)

<dico/figures/Letters_std/X.eps>
File: dico/figures/Letters_std/Y.eps Graphic file (type eps)
 <dico/figures/Letters_std/Y.eps>
File: dico/figures/Letters_std/Z.eps Graphic file (type eps)

<dico/figures/Letters_std/Z.eps>
File: dico/figures/Letters_ptb/A.eps Graphic file (type eps)
 <dico/figures/Letters_ptb/A.eps>
File: dico/figures/Letters_ptb/B.eps Graphic file (type eps)

<dico/figures/Letters_ptb/B.eps>
File: dico/figures/Letters_ptb/C.eps Graphic file (type eps)
 <dico/figures/Letters_ptb/C.eps>
File: dico/figures/Letters_ptb/D.eps Graphic file (type eps)

<dico/figures/Letters_ptb/D.eps>
File: dico/figures/Letters_ptb/E.eps Graphic file (type eps)
 <dico/figures/Letters_ptb/E.eps>
File: dico/figures/Letters_ptb/F.eps Graphic file (type eps)

<dico/figures/Letters_ptb/F.eps>
File: dico/figures/Letters_ptb/G.eps Graphic file (type eps)
 <dico/figures/Letters_ptb/G.eps>
File: dico/figures/Letters_ptb/H.eps Graphic file (type eps)

<dico/figures/Letters_ptb/H.eps>
File: dico/figures/Letters_ptb/I.eps Graphic file (type eps)
 <dico/figures/Letters_ptb/I.eps>
File: dico/figures/Letters_ptb/J.eps Graphic file (type eps)

<dico/figures/Letters_ptb/J.eps>
File: dico/figures/Letters_ptb/K.eps Graphic file (type eps)
 <dico/figures/Letters_ptb/K.eps>
File: dico/figures/Letters_ptb/L.eps Graphic file (type eps)

<dico/figures/Letters_ptb/L.eps>
File: dico/figures/Letters_ptb/M.eps Graphic file (type eps)
 <dico/figures/Letters_ptb/M.eps>
File: dico/figures/Letters_ptb/N.eps Graphic file (type eps)

<dico/figures/Letters_ptb/N.eps>
File: dico/figures/Letters_ptb/O.eps Graphic file (type eps)
 <dico/figures/Letters_ptb/O.eps>
File: dico/figures/Letters_ptb/P.eps Graphic file (type eps)

<dico/figures/Letters_ptb/P.eps>
File: dico/figures/Letters_ptb/Q.eps Graphic file (type eps)
 <dico/figures/Letters_ptb/Q.eps>
File: dico/figures/Letters_ptb/R.eps Graphic file (type eps)

<dico/figures/Letters_ptb/R.eps>
File: dico/figures/Letters_ptb/S.eps Graphic file (type eps)
 <dico/figures/Letters_ptb/S.eps>
File: dico/figures/Letters_ptb/T.eps Graphic file (type eps)

<dico/figures/Letters_ptb/T.eps>
File: dico/figures/Letters_ptb/U.eps Graphic file (type eps)
 <dico/figures/Letters_ptb/U.eps>
File: dico/figures/Letters_ptb/V.eps Graphic file (type eps)

<dico/figures/Letters_ptb/V.eps>
File: dico/figures/Letters_ptb/W.eps Graphic file (type eps)
 <dico/figures/Letters_ptb/W.eps>
File: dico/figures/Letters_ptb/X.eps Graphic file (type eps)

<dico/figures/Letters_ptb/X.eps>
File: dico/figures/Letters_ptb/Y.eps Graphic file (type eps)
 <dico/figures/Letters_ptb/Y.eps>
File: dico/figures/Letters_ptb/Z.eps Graphic file (type eps)

<dico/figures/Letters_ptb/Z.eps>
CiteRef Warning: Citation `mc2' on page 84 undefined.
CiteRef Warning: Citation `resol' on page 84 undefined.
CiteRef Warning: Citation `wang2013-3DSD' on page 84 undefined.
[84] [85] [86]) (./tracking/tracking.tex [87] [88] [89] [90

]
CiteRef Warning: Citation `ammari2012tracking' on page 91 undefined.
CiteRef Warning: Citation `kalman2' on page 91 undefined.
CiteRef Warning: Citation `track1' on page 91 undefined.
CiteRef Warning: Citation `track2' on page 91 undefined.
CiteRef Warning: Citation `track3' on page 91 undefined.
CiteRef Warning: Citation `track4' on page 91 undefined.
CiteRef Warning: Citation `track5' on page 91 undefined.
CiteRef Warning: Citation `track6' on page 91 undefined.
[91] [92] [93] [94] [95]
File: tracking/full_aov_1/tracking.eps Graphic file (type eps)
 <tracking/full_aov_1/tracking.eps>
File: tracking/full_aov_1/pos_x.eps Graphic file (type eps)

<tracking/full_aov_1/pos_x.eps>
File: tracking/full_aov_2/pos_x.eps Graphic file (type eps)
 <tracking/full_aov_2/pos_x.eps>
File: tracking/full_aov_1/pos_y.eps Graphic file (type eps)

<tracking/full_aov_1/pos_y.eps>
File: tracking/full_aov_2/pos_y.eps Graphic file (type eps)
 <tracking/full_aov_2/pos_y.eps>
File: tracking/full_aov_1/orientation.eps Graphic file (type eps)

<tracking/full_aov_1/orientation.eps>
File: tracking/full_aov_2/orientation.eps Graphic file (type eps)
 <tracking/full_aov_2/orientation.eps>
File: tracking/lim_aov_1/tracking.eps Graphic file (type eps)

<tracking/lim_aov_1/tracking.eps>
File: tracking/lim_aov_2/tracking.eps Graphic file (type eps)
 <tracking/lim_aov_2/tracking.eps>
File: tracking/lim_aov_1/pos_x.eps Graphic file (type eps)

<tracking/lim_aov_1/pos_x.eps>
File: tracking/lim_aov_2/pos_x.eps Graphic file (type eps)
 <tracking/lim_aov_2/pos_x.eps>
File: tracking/lim_aov_1/pos_y.eps Graphic file (type eps)

<tracking/lim_aov_1/pos_y.eps>
File: tracking/lim_aov_2/pos_y.eps Graphic file (type eps)
 <tracking/lim_aov_2/pos_y.eps>
File: tracking/lim_aov_1/orientation.eps Graphic file (type eps)

<tracking/lim_aov_1/orientation.eps>
File: tracking/lim_aov_2/orientation.eps Graphic file (type eps)
 <tracking/lim_aov_2/orientation.eps>
CiteRef Warning: Citation `mallat1999wavelet' on page 96 undefined.
) (./pnas/pnas.tex [96] [97] [98] [99] [100

]
CiteRef Warning: Citation `electroloc2012shape' on page 101 undefined.
CiteRef Warning: Citation `rasnowformula' on page 101 undefined.
[101]
CiteRef Warning: Citation `gerhard' on page 102 undefined.
CiteRef Warning: Citation `von1999active' on page 102 undefined.
CiteRef Warning: Citation `von2007distance' on page 102 undefined.
CiteRef Warning: Citation `von1993electric' on page 102 undefined.

Underfull \vbox (badness 10000) has occurred while \output is active []

 [102]
File: pnas/fish_background.eps Graphic file (type eps)

<pnas/fish_background.eps>
File: pnas/fish.eps Graphic file (type eps)
 <pnas/fish.eps> [103]
CiteRef Warning: Citation `boyer3' on page 104 undefined.
CiteRef Warning: Citation `ammari2004reconstruction' on page 104 undefined.
CiteRef Warning: Citation `ammari2004reconstruction' on page 104 undefined.
[104]
CiteRef Warning: Citation `ammari2004reconstruction' on page 105 undefined.
CiteRef Warning: Citation `AGKLY11' on page 105 undefined.
[105] [106] [107]
CiteRef Warning: Citation `gerhard' on page 108 undefined.
CiteRef Warning: Citation `ammari2007polarization' on page 108 undefined.
[108]
CiteRef Warning: Citation `von2007distance' on page 109 undefined.
CiteRef Warning: Citation `caputi1998electric' on page 109 undefined.
CiteRef Warning: Citation `scheich1973coding' on page 109 undefined.
[109]
CiteRef Warning: Citation `moller1995electric' on page 110 undefined.
CiteRef Warning: Citation `von1999active' on page 110 undefined.
CiteRef Warning: Citation `gerhard' on page 110 undefined.
CiteRef Warning: Citation `von2007distance' on page 110 undefined.
File: pnas/dico.eps Graphic file (type eps)
<pnas/dico.eps>

LaTeX Warning: `!h' float specifier changed to `!ht'.

File: pnas/banana2.eps Graphic file (type eps)
<pnas/banana2.eps>
File: pnas/banana3.eps Graphic file (type eps)
 <pnas/banana3.eps>
File: pnas/banana4.eps Graphic file (type eps)
 <pnas/banana4.eps>
File: pnas/ellipse2.eps Graphic file (type eps)
 <pnas/ellipse2.eps>
File: pnas/ellipse3.eps Graphic file (type eps)

<pnas/ellipse3.eps>
File: pnas/ellipse4.eps Graphic file (type eps)
 <pnas/ellipse4.eps> [110]
File: pnas/aperture.eps Graphic file (type eps)
 <pnas/aperture.eps> [111]
[112]
CiteRef Warning: Citation `bruhl2003direct' on page 113 undefined.
File: pnas/no_noise_banana_SD_bar.eps Graphic file (type eps)
<pnas/no_noise_banana_SD_bar.eps>
File: pnas/no_noise_ellipse_SD_bar.eps Graphic file (type eps)
 <pnas/no_noise_ellipse_SD_bar.eps>
File: pnas/no_noise_aperture_SD_bar.eps Graphic file (type eps)

<pnas/no_noise_aperture_SD_bar.eps>

LaTeX Warning: `!h' float specifier changed to `!ht'.

File: pnas/banana_SD_monofreq_finer.eps Graphic file (type eps)
<pnas/banana_SD_monofreq_finer.eps>
File: pnas/banana_SD_multifreq_final.eps Graphic file (type eps)
 <pnas/banana_SD_multifreq_final.eps>
File: pnas/ellipse_complete_stability.eps Graphic file (type eps)

<pnas/ellipse_complete_stability.eps>
File: pnas/ellipse_ratio_stability.eps Graphic file (type eps)
 <pnas/ellipse_ratio_stability.eps>
File: pnas/banana_complete_stability.eps Graphic file (type eps)

<pnas/banana_complete_stability.eps>
File: pnas/banana_ratio_stability.eps Graphic file (type eps)
 <pnas/banana_ratio_stability.eps>

LaTeX Warning: Float too large for page by 43.97021pt on input line 1280.

File: pnas/ellipse_complete_imag_stability.eps Graphic file (type eps)
<pnas/ellipse_complete_imag_stability.eps>
File: pnas/ellipse_ratio_imag_stability.eps Graphic file (type eps)

<pnas/ellipse_ratio_imag_stability.eps>) (./ccl/conclusion.tex [113]
Underfull \vbox (badness 1571) has occurred while \output is active []

 [114]
[115] [116] [117] [118

]
CiteRef Warning: Citation `lebastard2012underwater' on page 119 undefined.
CiteRef Warning: Citation `mallat1999wavelet' on page 119 undefined.
) [119] [120

] [121] [122] (./app/app_dico.tex
CiteRef Warning: Citation `Taylor1' on page 123 undefined.
[123

] [124]

Package hyperref Warning: Token not allowed in a PDF string (PDFDocEncoding):
(hyperref)                removing `\hbox' on input line 200.


Package hyperref Warning: Token not allowed in a PDF string (PDFDocEncoding):
(hyperref)                removing `\mathsurround' on input line 200.


Package hyperref Warning: Token not allowed in a PDF string (PDFDocEncoding):
(hyperref)                removing `\z@' on input line 200.


Package hyperref Warning: Token not allowed in a PDF string (PDFDocEncoding):
(hyperref)                removing `\unskip' on input line 200.


Package hyperref Warning: Token not allowed in a PDF string (PDFDocEncoding):
(hyperref)                removing `\@@italiccorr' on input line 200.


LaTeX Warning: Reference `EQ:DGAMMA' on page 125 undefined on input line 234.

[125]

Package hyperref Warning: Token not allowed in a PDF string (PDFDocEncoding):
(hyperref)                removing `\hbox' on input line 246.


Package hyperref Warning: Token not allowed in a PDF string (PDFDocEncoding):
(hyperref)                removing `\mathsurround' on input line 246.


Package hyperref Warning: Token not allowed in a PDF string (PDFDocEncoding):
(hyperref)                removing `\z@' on input line 246.


Package hyperref Warning: Token not allowed in a PDF string (PDFDocEncoding):
(hyperref)                removing `\unskip' on input line 246.


Package hyperref Warning: Token not allowed in a PDF string (PDFDocEncoding):
(hyperref)                removing `\@@italiccorr' on input line 246.

) (./app/app_tracking.tex [126]
CiteRef Warning: Citation `kalman' on page 127 undefined.
[127

]
CiteRef Warning: Citation `kalman2' on page 128 undefined.
)
No file PhD.bbl.
[128] (./back.tex)
\tf@toc=\write5
\openout5 = `PhD.toc'.

Package atveryend Info: Empty hook `BeforeClearDocument' on input line 38.
Package atveryend Info: Empty hook `AfterLastShipout' on input line 38.
 (./PhD.aux)
Package atveryend Info: Empty hook `AtVeryEndDocument' on input line 38.
Package atveryend Info: Executing hook `AtEndAfterFileList' on input line 38.
Package rerunfilecheck Info: File `PhD.out' has not changed.
(rerunfilecheck)             Checksum: 48B559682E4CBA86E460E01C10F698F3;7477.


LaTeX Font Warning: Some font shapes were not available, defaults substituted.


LaTeX Warning: There were undefined references.


LaTeX Warning: There were multiply-defined labels.

Package atveryend Info: Empty hook `AtVeryVeryEnd' on input line 38.
 ) 
Here is how much of TeX's memory you used:
 12722 strings out of 493090
 186153 string characters out of 6134867
 362761 words of memory out of 5000000
 15739 multiletter control sequences out of 15000+600000
 31527 words of font info for 130 fonts, out of 8000000 for 9000
 1147 hyphenation exceptions out of 8191
 44i,21n,32p,1864b,460s stack positions out of 5000i,500n,10000p,200000b,80000s

Output written on PhD.dvi (138 pages, 842208 bytes).
